<?xml version="1.0" encoding="UTF-8"?>
<!-- Generated by org.testng.reporters.JUnitReportReporter -->
<testsuite hostname="Sasi" failures="0" tests="10" name="com.selenium.testng.DemoInvocationCount" time="10.208" errors="10" timestamp="2023-04-13T07:10:08 IST" skipped="0">
  <testcase classname="com.selenium.testng.DemoInvocationCount" name="testLogin" time="1.009">
    <error message="Method com.selenium.testng.DemoInvocationCount.testLogin() didn&#039;t finish within the time-out 1000" type="org.testng.internal.thread.ThreadTimeoutException">
      <![CDATA[org.testng.internal.thread.ThreadTimeoutException: Method com.selenium.testng.DemoInvocationCount.testLogin() didn't finish within the time-out 1000
at java.base@16.0.1/java.lang.ProcessImpl.waitForInterruptibly(Native Method)
at java.base@16.0.1/java.lang.ProcessImpl.waitFor(ProcessImpl.java:559)
at app//org.openqa.selenium.manager.SeleniumManager.runCommand(SeleniumManager.java:97)
at app//org.openqa.selenium.manager.SeleniumManager.getDriverPath(SeleniumManager.java:164)
at app//org.openqa.selenium.remote.service.DriverService.findExecutable(DriverService.java:141)
at app//org.openqa.selenium.chrome.ChromeDriverService.access$000(ChromeDriverService.java:42)
at app//org.openqa.selenium.chrome.ChromeDriverService$Builder.findDefaultExecutable(ChromeDriverService.java:315)
at app//org.openqa.selenium.remote.service.DriverService$Builder.build(DriverService.java:456)
at app//org.openqa.selenium.chrome.ChromeDriverService.createServiceWithConfig(ChromeDriverService.java:165)
at app//org.openqa.selenium.chrome.ChromeDriver.<init>(ChromeDriver.java:71)
at app//com.selenium.testng.DemoInvocationCount.testLogin(DemoInvocationCount.java:16)
at java.base@16.0.1/jdk.internal.reflect.NativeMethodAccessorImpl.invoke0(Native Method)
at java.base@16.0.1/jdk.internal.reflect.NativeMethodAccessorImpl.invoke(NativeMethodAccessorImpl.java:78)
at java.base@16.0.1/jdk.internal.reflect.DelegatingMethodAccessorImpl.invoke(DelegatingMethodAccessorImpl.java:43)
at java.base@16.0.1/java.lang.reflect.Method.invoke(Method.java:567)
at app//org.testng.internal.invokers.MethodInvocationHelper.invokeMethod(MethodInvocationHelper.java:139)
at app//org.testng.internal.invokers.InvokeMethodRunnable.runOne(InvokeMethodRunnable.java:47)
at app//org.testng.internal.invokers.InvokeMethodRunnable.call(InvokeMethodRunnable.java:76)
at app//org.testng.internal.invokers.InvokeMethodRunnable.call(InvokeMethodRunnable.java:11)
at java.base@16.0.1/java.util.concurrent.FutureTask.run(FutureTask.java:264)
at java.base@16.0.1/java.util.concurrent.ThreadPoolExecutor.runWorker(ThreadPoolExecutor.java:1130)
at java.base@16.0.1/java.util.concurrent.ThreadPoolExecutor$Worker.run(ThreadPoolExecutor.java:630)
at java.base@16.0.1/java.lang.Thread.run(Thread.java:831)
]]>
    </error>
  </testcase> <!-- testLogin -->
  <system-out/>
  <testcase classname="com.selenium.testng.DemoInvocationCount" name="testLogin" time="1.018">
    <error message="Method com.selenium.testng.DemoInvocationCount.testLogin() didn&#039;t finish within the time-out 1000" type="org.testng.internal.thread.ThreadTimeoutException">
      <![CDATA[org.testng.internal.thread.ThreadTimeoutException: Method com.selenium.testng.DemoInvocationCount.testLogin() didn't finish within the time-out 1000
at java.base@16.0.1/jdk.internal.misc.Unsafe.park(Native Method)
at java.base@16.0.1/java.util.concurrent.locks.LockSupport.parkNanos(LockSupport.java:252)
at java.base@16.0.1/java.util.concurrent.CompletableFuture$Signaller.block(CompletableFuture.java:1862)
at java.base@16.0.1/java.util.concurrent.ForkJoinPool.managedBlock(ForkJoinPool.java:3137)
at java.base@16.0.1/java.util.concurrent.CompletableFuture.timedGet(CompletableFuture.java:1935)
at java.base@16.0.1/java.util.concurrent.CompletableFuture.get(CompletableFuture.java:2091)
at app//org.asynchttpclient.netty.NettyResponseFuture.get(NettyResponseFuture.java:206)
at app//org.openqa.selenium.remote.http.netty.NettyHttpHandler.makeCall(NettyHttpHandler.java:59)
at app//org.openqa.selenium.remote.http.netty.NettyHttpHandler$$Lambda$245/0x00000008002a9440.execute(Unknown Source)
at app//org.openqa.selenium.remote.http.AddSeleniumUserAgent.lambda$apply$0(AddSeleniumUserAgent.java:42)
at app//org.openqa.selenium.remote.http.AddSeleniumUserAgent$$Lambda$406/0x0000000800328820.execute(Unknown Source)
at app//org.openqa.selenium.remote.http.Filter.lambda$andFinally$1(Filter.java:56)
at app//org.openqa.selenium.remote.http.Filter$$Lambda$246/0x00000008002a9670.execute(Unknown Source)
at app//org.openqa.selenium.remote.http.netty.NettyHttpHandler.execute(NettyHttpHandler.java:49)
at app//org.openqa.selenium.remote.http.AddSeleniumUserAgent.lambda$apply$0(AddSeleniumUserAgent.java:42)
at app//org.openqa.selenium.remote.http.AddSeleniumUserAgent$$Lambda$406/0x0000000800328820.execute(Unknown Source)
at app//org.openqa.selenium.remote.http.Filter.lambda$andFinally$1(Filter.java:56)
at app//org.openqa.selenium.remote.http.Filter$$Lambda$246/0x00000008002a9670.execute(Unknown Source)
at app//org.openqa.selenium.remote.http.netty.NettyClient.execute(NettyClient.java:99)
at app//org.openqa.selenium.remote.ProtocolHandshake.createSession(ProtocolHandshake.java:124)
at app//org.openqa.selenium.remote.ProtocolHandshake.createSession(ProtocolHandshake.java:106)
at app//org.openqa.selenium.remote.ProtocolHandshake.createSession(ProtocolHandshake.java:67)
at app//org.openqa.selenium.remote.HttpCommandExecutor.execute(HttpCommandExecutor.java:156)
at app//org.openqa.selenium.remote.service.DriverCommandExecutor.invokeExecute(DriverCommandExecutor.java:167)
at app//org.openqa.selenium.remote.service.DriverCommandExecutor.execute(DriverCommandExecutor.java:142)
at app//org.openqa.selenium.remote.RemoteWebDriver.execute(RemoteWebDriver.java:543)
at app//org.openqa.selenium.remote.RemoteWebDriver.startSession(RemoteWebDriver.java:229)
at app//org.openqa.selenium.remote.RemoteWebDriver.<init>(RemoteWebDriver.java:157)
at app//org.openqa.selenium.chromium.ChromiumDriver.<init>(ChromiumDriver.java:101)
at app//org.openqa.selenium.chrome.ChromeDriver.<init>(ChromeDriver.java:82)
at app//org.openqa.selenium.chrome.ChromeDriver.<init>(ChromeDriver.java:71)
at app//com.selenium.testng.DemoInvocationCount.testLogin(DemoInvocationCount.java:16)
at java.base@16.0.1/jdk.internal.reflect.NativeMethodAccessorImpl.invoke0(Native Method)
at java.base@16.0.1/jdk.internal.reflect.NativeMethodAccessorImpl.invoke(NativeMethodAccessorImpl.java:78)
at java.base@16.0.1/jdk.internal.reflect.DelegatingMethodAccessorImpl.invoke(DelegatingMethodAccessorImpl.java:43)
at java.base@16.0.1/java.lang.reflect.Method.invoke(Method.java:567)
at app//org.testng.internal.invokers.MethodInvocationHelper.invokeMethod(MethodInvocationHelper.java:139)
at app//org.testng.internal.invokers.InvokeMethodRunnable.runOne(InvokeMethodRunnable.java:47)
at app//org.testng.internal.invokers.InvokeMethodRunnable.call(InvokeMethodRunnable.java:76)
at app//org.testng.internal.invokers.InvokeMethodRunnable.call(InvokeMethodRunnable.java:11)
at java.base@16.0.1/java.util.concurrent.FutureTask.run(FutureTask.java:264)
at java.base@16.0.1/java.util.concurrent.ThreadPoolExecutor.runWorker(ThreadPoolExecutor.java:1130)
at java.base@16.0.1/java.util.concurrent.ThreadPoolExecutor$Worker.run(ThreadPoolExecutor.java:630)
at java.base@16.0.1/java.lang.Thread.run(Thread.java:831)
]]>
    </error>
  </testcase> <!-- testLogin -->
  <system-out/>
  <testcase classname="com.selenium.testng.DemoInvocationCount" name="testLogin" time="1.017">
    <error message="Method com.selenium.testng.DemoInvocationCount.testLogin() didn&#039;t finish within the time-out 1000" type="org.testng.internal.thread.ThreadTimeoutException">
      <![CDATA[org.testng.internal.thread.ThreadTimeoutException: Method com.selenium.testng.DemoInvocationCount.testLogin() didn't finish within the time-out 1000
at java.base@16.0.1/jdk.internal.misc.Unsafe.park(Native Method)
at java.base@16.0.1/java.util.concurrent.locks.LockSupport.parkNanos(LockSupport.java:252)
at java.base@16.0.1/java.util.concurrent.CompletableFuture$Signaller.block(CompletableFuture.java:1862)
at java.base@16.0.1/java.util.concurrent.ForkJoinPool.managedBlock(ForkJoinPool.java:3137)
at java.base@16.0.1/java.util.concurrent.CompletableFuture.timedGet(CompletableFuture.java:1935)
at java.base@16.0.1/java.util.concurrent.CompletableFuture.get(CompletableFuture.java:2091)
at app//org.asynchttpclient.netty.NettyResponseFuture.get(NettyResponseFuture.java:206)
at app//org.openqa.selenium.remote.http.netty.NettyHttpHandler.makeCall(NettyHttpHandler.java:59)
at app//org.openqa.selenium.remote.http.netty.NettyHttpHandler$$Lambda$245/0x00000008002a9440.execute(Unknown Source)
at app//org.openqa.selenium.remote.http.AddSeleniumUserAgent.lambda$apply$0(AddSeleniumUserAgent.java:42)
at app//org.openqa.selenium.remote.http.AddSeleniumUserAgent$$Lambda$406/0x0000000800328820.execute(Unknown Source)
at app//org.openqa.selenium.remote.http.Filter.lambda$andFinally$1(Filter.java:56)
at app//org.openqa.selenium.remote.http.Filter$$Lambda$246/0x00000008002a9670.execute(Unknown Source)
at app//org.openqa.selenium.remote.http.netty.NettyHttpHandler.execute(NettyHttpHandler.java:49)
at app//org.openqa.selenium.remote.http.AddSeleniumUserAgent.lambda$apply$0(AddSeleniumUserAgent.java:42)
at app//org.openqa.selenium.remote.http.AddSeleniumUserAgent$$Lambda$406/0x0000000800328820.execute(Unknown Source)
at app//org.openqa.selenium.remote.http.Filter.lambda$andFinally$1(Filter.java:56)
at app//org.openqa.selenium.remote.http.Filter$$Lambda$246/0x00000008002a9670.execute(Unknown Source)
at app//org.openqa.selenium.remote.http.netty.NettyClient.execute(NettyClient.java:99)
at app//org.openqa.selenium.remote.ProtocolHandshake.createSession(ProtocolHandshake.java:124)
at app//org.openqa.selenium.remote.ProtocolHandshake.createSession(ProtocolHandshake.java:106)
at app//org.openqa.selenium.remote.ProtocolHandshake.createSession(ProtocolHandshake.java:67)
at app//org.openqa.selenium.remote.HttpCommandExecutor.execute(HttpCommandExecutor.java:156)
at app//org.openqa.selenium.remote.service.DriverCommandExecutor.invokeExecute(DriverCommandExecutor.java:167)
at app//org.openqa.selenium.remote.service.DriverCommandExecutor.execute(DriverCommandExecutor.java:142)
at app//org.openqa.selenium.remote.RemoteWebDriver.execute(RemoteWebDriver.java:543)
at app//org.openqa.selenium.remote.RemoteWebDriver.startSession(RemoteWebDriver.java:229)
at app//org.openqa.selenium.remote.RemoteWebDriver.<init>(RemoteWebDriver.java:157)
at app//org.openqa.selenium.chromium.ChromiumDriver.<init>(ChromiumDriver.java:101)
at app//org.openqa.selenium.chrome.ChromeDriver.<init>(ChromeDriver.java:82)
at app//org.openqa.selenium.chrome.ChromeDriver.<init>(ChromeDriver.java:71)
at app//com.selenium.testng.DemoInvocationCount.testLogin(DemoInvocationCount.java:16)
at java.base@16.0.1/jdk.internal.reflect.NativeMethodAccessorImpl.invoke0(Native Method)
at java.base@16.0.1/jdk.internal.reflect.NativeMethodAccessorImpl.invoke(NativeMethodAccessorImpl.java:78)
at java.base@16.0.1/jdk.internal.reflect.DelegatingMethodAccessorImpl.invoke(DelegatingMethodAccessorImpl.java:43)
at java.base@16.0.1/java.lang.reflect.Method.invoke(Method.java:567)
at app//org.testng.internal.invokers.MethodInvocationHelper.invokeMethod(MethodInvocationHelper.java:139)
at app//org.testng.internal.invokers.InvokeMethodRunnable.runOne(InvokeMethodRunnable.java:47)
at app//org.testng.internal.invokers.InvokeMethodRunnable.call(InvokeMethodRunnable.java:76)
at app//org.testng.internal.invokers.InvokeMethodRunnable.call(InvokeMethodRunnable.java:11)
at java.base@16.0.1/java.util.concurrent.FutureTask.run(FutureTask.java:264)
at java.base@16.0.1/java.util.concurrent.ThreadPoolExecutor.runWorker(ThreadPoolExecutor.java:1130)
at java.base@16.0.1/java.util.concurrent.ThreadPoolExecutor$Worker.run(ThreadPoolExecutor.java:630)
at java.base@16.0.1/java.lang.Thread.run(Thread.java:831)
]]>
    </error>
  </testcase> <!-- testLogin -->
  <system-out/>
  <testcase classname="com.selenium.testng.DemoInvocationCount" name="testLogin" time="1.025">
    <error message="Method com.selenium.testng.DemoInvocationCount.testLogin() didn&#039;t finish within the time-out 1000" type="org.testng.internal.thread.ThreadTimeoutException">
      <![CDATA[org.testng.internal.thread.ThreadTimeoutException: Method com.selenium.testng.DemoInvocationCount.testLogin() didn't finish within the time-out 1000
at java.base@16.0.1/jdk.internal.misc.Unsafe.park(Native Method)
at java.base@16.0.1/java.util.concurrent.locks.LockSupport.parkNanos(LockSupport.java:252)
at java.base@16.0.1/java.util.concurrent.CompletableFuture$Signaller.block(CompletableFuture.java:1862)
at java.base@16.0.1/java.util.concurrent.ForkJoinPool.managedBlock(ForkJoinPool.java:3137)
at java.base@16.0.1/java.util.concurrent.CompletableFuture.timedGet(CompletableFuture.java:1935)
at java.base@16.0.1/java.util.concurrent.CompletableFuture.get(CompletableFuture.java:2091)
at app//org.asynchttpclient.netty.NettyResponseFuture.get(NettyResponseFuture.java:206)
at app//org.openqa.selenium.remote.http.netty.NettyHttpHandler.makeCall(NettyHttpHandler.java:59)
at app//org.openqa.selenium.remote.http.netty.NettyHttpHandler$$Lambda$245/0x00000008002a9440.execute(Unknown Source)
at app//org.openqa.selenium.remote.http.AddSeleniumUserAgent.lambda$apply$0(AddSeleniumUserAgent.java:42)
at app//org.openqa.selenium.remote.http.AddSeleniumUserAgent$$Lambda$406/0x0000000800328820.execute(Unknown Source)
at app//org.openqa.selenium.remote.http.Filter.lambda$andFinally$1(Filter.java:56)
at app//org.openqa.selenium.remote.http.Filter$$Lambda$246/0x00000008002a9670.execute(Unknown Source)
at app//org.openqa.selenium.remote.http.netty.NettyHttpHandler.execute(NettyHttpHandler.java:49)
at app//org.openqa.selenium.remote.http.AddSeleniumUserAgent.lambda$apply$0(AddSeleniumUserAgent.java:42)
at app//org.openqa.selenium.remote.http.AddSeleniumUserAgent$$Lambda$406/0x0000000800328820.execute(Unknown Source)
at app//org.openqa.selenium.remote.http.Filter.lambda$andFinally$1(Filter.java:56)
at app//org.openqa.selenium.remote.http.Filter$$Lambda$246/0x00000008002a9670.execute(Unknown Source)
at app//org.openqa.selenium.remote.http.netty.NettyClient.execute(NettyClient.java:99)
at app//org.openqa.selenium.remote.ProtocolHandshake.createSession(ProtocolHandshake.java:124)
at app//org.openqa.selenium.remote.ProtocolHandshake.createSession(ProtocolHandshake.java:106)
at app//org.openqa.selenium.remote.ProtocolHandshake.createSession(ProtocolHandshake.java:67)
at app//org.openqa.selenium.remote.HttpCommandExecutor.execute(HttpCommandExecutor.java:156)
at app//org.openqa.selenium.remote.service.DriverCommandExecutor.invokeExecute(DriverCommandExecutor.java:167)
at app//org.openqa.selenium.remote.service.DriverCommandExecutor.execute(DriverCommandExecutor.java:142)
at app//org.openqa.selenium.remote.RemoteWebDriver.execute(RemoteWebDriver.java:543)
at app//org.openqa.selenium.remote.RemoteWebDriver.startSession(RemoteWebDriver.java:229)
at app//org.openqa.selenium.remote.RemoteWebDriver.<init>(RemoteWebDriver.java:157)
at app//org.openqa.selenium.chromium.ChromiumDriver.<init>(ChromiumDriver.java:101)
at app//org.openqa.selenium.chrome.ChromeDriver.<init>(ChromeDriver.java:82)
at app//org.openqa.selenium.chrome.ChromeDriver.<init>(ChromeDriver.java:71)
at app//com.selenium.testng.DemoInvocationCount.testLogin(DemoInvocationCount.java:16)
at java.base@16.0.1/jdk.internal.reflect.NativeMethodAccessorImpl.invoke0(Native Method)
at java.base@16.0.1/jdk.internal.reflect.NativeMethodAccessorImpl.invoke(NativeMethodAccessorImpl.java:78)
at java.base@16.0.1/jdk.internal.reflect.DelegatingMethodAccessorImpl.invoke(DelegatingMethodAccessorImpl.java:43)
at java.base@16.0.1/java.lang.reflect.Method.invoke(Method.java:567)
at app//org.testng.internal.invokers.MethodInvocationHelper.invokeMethod(MethodInvocationHelper.java:139)
at app//org.testng.internal.invokers.InvokeMethodRunnable.runOne(InvokeMethodRunnable.java:47)
at app//org.testng.internal.invokers.InvokeMethodRunnable.call(InvokeMethodRunnable.java:76)
at app//org.testng.internal.invokers.InvokeMethodRunnable.call(InvokeMethodRunnable.java:11)
at java.base@16.0.1/java.util.concurrent.FutureTask.run(FutureTask.java:264)
at java.base@16.0.1/java.util.concurrent.ThreadPoolExecutor.runWorker(ThreadPoolExecutor.java:1130)
at java.base@16.0.1/java.util.concurrent.ThreadPoolExecutor$Worker.run(ThreadPoolExecutor.java:630)
at java.base@16.0.1/java.lang.Thread.run(Thread.java:831)
]]>
    </error>
  </testcase> <!-- testLogin -->
  <system-out/>
  <testcase classname="com.selenium.testng.DemoInvocationCount" name="testLogin" time="1.010">
    <error message="Method com.selenium.testng.DemoInvocationCount.testLogin() didn&#039;t finish within the time-out 1000" type="org.testng.internal.thread.ThreadTimeoutException">
      <![CDATA[org.testng.internal.thread.ThreadTimeoutException: Method com.selenium.testng.DemoInvocationCount.testLogin() didn't finish within the time-out 1000
at java.base@16.0.1/java.util.zip.Inflater.inflateBytesBytes(Native Method)
at java.base@16.0.1/java.util.zip.Inflater.inflate(Inflater.java:378)
at java.base@16.0.1/java.util.zip.InflaterInputStream.read(InflaterInputStream.java:152)
at java.base@16.0.1/jdk.internal.loader.Resource.getBytes(Resource.java:126)
at java.base@16.0.1/jdk.internal.loader.BuiltinClassLoader.defineClass(BuiltinClassLoader.java:852)
at java.base@16.0.1/jdk.internal.loader.BuiltinClassLoader.findClassOnClassPathOrNull(BuiltinClassLoader.java:753)
at java.base@16.0.1/jdk.internal.loader.BuiltinClassLoader.loadClassOrNull(BuiltinClassLoader.java:676)
at java.base@16.0.1/jdk.internal.loader.BuiltinClassLoader.loadClass(BuiltinClassLoader.java:634)
at java.base@16.0.1/jdk.internal.loader.ClassLoaders$AppClassLoader.loadClass(ClassLoaders.java:182)
at java.base@16.0.1/java.lang.ClassLoader.loadClass(ClassLoader.java:519)
at java.base@16.0.1/java.lang.ClassLoader.defineClass1(Native Method)
at java.base@16.0.1/java.lang.ClassLoader.defineClass(ClassLoader.java:1010)
at java.base@16.0.1/java.security.SecureClassLoader.defineClass(SecureClassLoader.java:150)
at java.base@16.0.1/jdk.internal.loader.BuiltinClassLoader.defineClass(BuiltinClassLoader.java:855)
at java.base@16.0.1/jdk.internal.loader.BuiltinClassLoader.findClassOnClassPathOrNull(BuiltinClassLoader.java:753)
at java.base@16.0.1/jdk.internal.loader.BuiltinClassLoader.loadClassOrNull(BuiltinClassLoader.java:676)
at java.base@16.0.1/jdk.internal.loader.BuiltinClassLoader.loadClass(BuiltinClassLoader.java:634)
at java.base@16.0.1/jdk.internal.loader.ClassLoaders$AppClassLoader.loadClass(ClassLoaders.java:182)
at java.base@16.0.1/java.lang.ClassLoader.loadClass(ClassLoader.java:519)
at app//org.openqa.selenium.remote.http.netty.NettyHttpHandler.<init>(NettyHttpHandler.java:44)
at app//org.openqa.selenium.remote.http.netty.NettyClient.<init>(NettyClient.java:64)
at app//org.openqa.selenium.remote.http.netty.NettyClient.<init>(NettyClient.java:44)
at app//org.openqa.selenium.remote.http.netty.NettyClient$Factory.createClient(NettyClient.java:135)
at app//org.openqa.selenium.remote.HttpCommandExecutor.<init>(HttpCommandExecutor.java:107)
at app//org.openqa.selenium.remote.HttpCommandExecutor.<init>(HttpCommandExecutor.java:94)
at app//org.openqa.selenium.remote.HttpCommandExecutor.<init>(HttpCommandExecutor.java:85)
at app//org.openqa.selenium.remote.service.DriverCommandExecutor.<init>(DriverCommandExecutor.java:80)
at app//org.openqa.selenium.chromium.ChromiumDriverCommandExecutor.<init>(ChromiumDriverCommandExecutor.java:35)
at app//org.openqa.selenium.chrome.ChromeDriver$ChromeDriverCommandExecutor.<init>(ChromeDriver.java:94)
at app//org.openqa.selenium.chrome.ChromeDriver.<init>(ChromeDriver.java:82)
at app//org.openqa.selenium.chrome.ChromeDriver.<init>(ChromeDriver.java:71)
at app//com.selenium.testng.DemoInvocationCount.testLogin(DemoInvocationCount.java:16)
at java.base@16.0.1/jdk.internal.reflect.NativeMethodAccessorImpl.invoke0(Native Method)
at java.base@16.0.1/jdk.internal.reflect.NativeMethodAccessorImpl.invoke(NativeMethodAccessorImpl.java:78)
at java.base@16.0.1/jdk.internal.reflect.DelegatingMethodAccessorImpl.invoke(DelegatingMethodAccessorImpl.java:43)
at java.base@16.0.1/java.lang.reflect.Method.invoke(Method.java:567)
at app//org.testng.internal.invokers.MethodInvocationHelper.invokeMethod(MethodInvocationHelper.java:139)
at app//org.testng.internal.invokers.InvokeMethodRunnable.runOne(InvokeMethodRunnable.java:47)
at app//org.testng.internal.invokers.InvokeMethodRunnable.call(InvokeMethodRunnable.java:76)
at app//org.testng.internal.invokers.InvokeMethodRunnable.call(InvokeMethodRunnable.java:11)
at java.base@16.0.1/java.util.concurrent.FutureTask.run(FutureTask.java:264)
at java.base@16.0.1/java.util.concurrent.ThreadPoolExecutor.runWorker(ThreadPoolExecutor.java:1130)
at java.base@16.0.1/java.util.concurrent.ThreadPoolExecutor$Worker.run(ThreadPoolExecutor.java:630)
at java.base@16.0.1/java.lang.Thread.run(Thread.java:831)
]]>
    </error>
  </testcase> <!-- testLogin -->
  <system-out/>
  <testcase classname="com.selenium.testng.DemoInvocationCount" name="testLogin" time="1.022">
    <error message="Method com.selenium.testng.DemoInvocationCount.testLogin() didn&#039;t finish within the time-out 1000" type="org.testng.internal.thread.ThreadTimeoutException">
      <![CDATA[org.testng.internal.thread.ThreadTimeoutException: Method com.selenium.testng.DemoInvocationCount.testLogin() didn't finish within the time-out 1000
at java.base@16.0.1/jdk.internal.misc.Unsafe.park(Native Method)
at java.base@16.0.1/java.util.concurrent.locks.LockSupport.parkNanos(LockSupport.java:252)
at java.base@16.0.1/java.util.concurrent.CompletableFuture$Signaller.block(CompletableFuture.java:1862)
at java.base@16.0.1/java.util.concurrent.ForkJoinPool.managedBlock(ForkJoinPool.java:3137)
at java.base@16.0.1/java.util.concurrent.CompletableFuture.timedGet(CompletableFuture.java:1935)
at java.base@16.0.1/java.util.concurrent.CompletableFuture.get(CompletableFuture.java:2091)
at app//org.asynchttpclient.netty.NettyResponseFuture.get(NettyResponseFuture.java:206)
at app//org.openqa.selenium.remote.http.netty.NettyHttpHandler.makeCall(NettyHttpHandler.java:59)
at app//org.openqa.selenium.remote.http.netty.NettyHttpHandler$$Lambda$245/0x00000008002a9440.execute(Unknown Source)
at app//org.openqa.selenium.remote.http.AddSeleniumUserAgent.lambda$apply$0(AddSeleniumUserAgent.java:42)
at app//org.openqa.selenium.remote.http.AddSeleniumUserAgent$$Lambda$406/0x0000000800328820.execute(Unknown Source)
at app//org.openqa.selenium.remote.http.Filter.lambda$andFinally$1(Filter.java:56)
at app//org.openqa.selenium.remote.http.Filter$$Lambda$246/0x00000008002a9670.execute(Unknown Source)
at app//org.openqa.selenium.remote.http.netty.NettyHttpHandler.execute(NettyHttpHandler.java:49)
at app//org.openqa.selenium.remote.http.AddSeleniumUserAgent.lambda$apply$0(AddSeleniumUserAgent.java:42)
at app//org.openqa.selenium.remote.http.AddSeleniumUserAgent$$Lambda$406/0x0000000800328820.execute(Unknown Source)
at app//org.openqa.selenium.remote.http.Filter.lambda$andFinally$1(Filter.java:56)
at app//org.openqa.selenium.remote.http.Filter$$Lambda$246/0x00000008002a9670.execute(Unknown Source)
at app//org.openqa.selenium.remote.http.netty.NettyClient.execute(NettyClient.java:99)
at app//org.openqa.selenium.remote.ProtocolHandshake.createSession(ProtocolHandshake.java:124)
at app//org.openqa.selenium.remote.ProtocolHandshake.createSession(ProtocolHandshake.java:106)
at app//org.openqa.selenium.remote.ProtocolHandshake.createSession(ProtocolHandshake.java:67)
at app//org.openqa.selenium.remote.HttpCommandExecutor.execute(HttpCommandExecutor.java:156)
at app//org.openqa.selenium.remote.service.DriverCommandExecutor.invokeExecute(DriverCommandExecutor.java:167)
at app//org.openqa.selenium.remote.service.DriverCommandExecutor.execute(DriverCommandExecutor.java:142)
at app//org.openqa.selenium.remote.RemoteWebDriver.execute(RemoteWebDriver.java:543)
at app//org.openqa.selenium.remote.RemoteWebDriver.startSession(RemoteWebDriver.java:229)
at app//org.openqa.selenium.remote.RemoteWebDriver.<init>(RemoteWebDriver.java:157)
at app//org.openqa.selenium.chromium.ChromiumDriver.<init>(ChromiumDriver.java:101)
at app//org.openqa.selenium.chrome.ChromeDriver.<init>(ChromeDriver.java:82)
at app//org.openqa.selenium.chrome.ChromeDriver.<init>(ChromeDriver.java:71)
at app//com.selenium.testng.DemoInvocationCount.testLogin(DemoInvocationCount.java:16)
at java.base@16.0.1/jdk.internal.reflect.NativeMethodAccessorImpl.invoke0(Native Method)
at java.base@16.0.1/jdk.internal.reflect.NativeMethodAccessorImpl.invoke(NativeMethodAccessorImpl.java:78)
at java.base@16.0.1/jdk.internal.reflect.DelegatingMethodAccessorImpl.invoke(DelegatingMethodAccessorImpl.java:43)
at java.base@16.0.1/java.lang.reflect.Method.invoke(Method.java:567)
at app//org.testng.internal.invokers.MethodInvocationHelper.invokeMethod(MethodInvocationHelper.java:139)
at app//org.testng.internal.invokers.InvokeMethodRunnable.runOne(InvokeMethodRunnable.java:47)
at app//org.testng.internal.invokers.InvokeMethodRunnable.call(InvokeMethodRunnable.java:76)
at app//org.testng.internal.invokers.InvokeMethodRunnable.call(InvokeMethodRunnable.java:11)
at java.base@16.0.1/java.util.concurrent.FutureTask.run(FutureTask.java:264)
at java.base@16.0.1/java.util.concurrent.ThreadPoolExecutor.runWorker(ThreadPoolExecutor.java:1130)
at java.base@16.0.1/java.util.concurrent.ThreadPoolExecutor$Worker.run(ThreadPoolExecutor.java:630)
at java.base@16.0.1/java.lang.Thread.run(Thread.java:831)
]]>
    </error>
  </testcase> <!-- testLogin -->
  <system-out/>
  <testcase classname="com.selenium.testng.DemoInvocationCount" name="testLogin" time="1.039">
    <error message="Method com.selenium.testng.DemoInvocationCount.testLogin() didn&#039;t finish within the time-out 1000" type="org.testng.internal.thread.ThreadTimeoutException">
      <![CDATA[org.testng.internal.thread.ThreadTimeoutException: Method com.selenium.testng.DemoInvocationCount.testLogin() didn't finish within the time-out 1000
at java.base@16.0.1/jdk.internal.misc.Unsafe.park(Native Method)
at java.base@16.0.1/java.util.concurrent.locks.LockSupport.parkNanos(LockSupport.java:252)
at java.base@16.0.1/java.util.concurrent.CompletableFuture$Signaller.block(CompletableFuture.java:1862)
at java.base@16.0.1/java.util.concurrent.ForkJoinPool.managedBlock(ForkJoinPool.java:3137)
at java.base@16.0.1/java.util.concurrent.CompletableFuture.timedGet(CompletableFuture.java:1935)
at java.base@16.0.1/java.util.concurrent.CompletableFuture.get(CompletableFuture.java:2091)
at app//org.asynchttpclient.netty.NettyResponseFuture.get(NettyResponseFuture.java:206)
at app//org.openqa.selenium.remote.http.netty.NettyHttpHandler.makeCall(NettyHttpHandler.java:59)
at app//org.openqa.selenium.remote.http.netty.NettyHttpHandler$$Lambda$245/0x00000008002a9440.execute(Unknown Source)
at app//org.openqa.selenium.remote.http.AddSeleniumUserAgent.lambda$apply$0(AddSeleniumUserAgent.java:42)
at app//org.openqa.selenium.remote.http.AddSeleniumUserAgent$$Lambda$406/0x0000000800328820.execute(Unknown Source)
at app//org.openqa.selenium.remote.http.Filter.lambda$andFinally$1(Filter.java:56)
at app//org.openqa.selenium.remote.http.Filter$$Lambda$246/0x00000008002a9670.execute(Unknown Source)
at app//org.openqa.selenium.remote.http.netty.NettyHttpHandler.execute(NettyHttpHandler.java:49)
at app//org.openqa.selenium.remote.http.AddSeleniumUserAgent.lambda$apply$0(AddSeleniumUserAgent.java:42)
at app//org.openqa.selenium.remote.http.AddSeleniumUserAgent$$Lambda$406/0x0000000800328820.execute(Unknown Source)
at app//org.openqa.selenium.remote.http.Filter.lambda$andFinally$1(Filter.java:56)
at app//org.openqa.selenium.remote.http.Filter$$Lambda$246/0x00000008002a9670.execute(Unknown Source)
at app//org.openqa.selenium.remote.http.netty.NettyClient.execute(NettyClient.java:99)
at app//org.openqa.selenium.remote.ProtocolHandshake.createSession(ProtocolHandshake.java:124)
at app//org.openqa.selenium.remote.ProtocolHandshake.createSession(ProtocolHandshake.java:106)
at app//org.openqa.selenium.remote.ProtocolHandshake.createSession(ProtocolHandshake.java:67)
at app//org.openqa.selenium.remote.HttpCommandExecutor.execute(HttpCommandExecutor.java:156)
at app//org.openqa.selenium.remote.service.DriverCommandExecutor.invokeExecute(DriverCommandExecutor.java:167)
at app//org.openqa.selenium.remote.service.DriverCommandExecutor.execute(DriverCommandExecutor.java:142)
at app//org.openqa.selenium.remote.RemoteWebDriver.execute(RemoteWebDriver.java:543)
at app//org.openqa.selenium.remote.RemoteWebDriver.startSession(RemoteWebDriver.java:229)
at app//org.openqa.selenium.remote.RemoteWebDriver.<init>(RemoteWebDriver.java:157)
at app//org.openqa.selenium.chromium.ChromiumDriver.<init>(ChromiumDriver.java:101)
at app//org.openqa.selenium.chrome.ChromeDriver.<init>(ChromeDriver.java:82)
at app//org.openqa.selenium.chrome.ChromeDriver.<init>(ChromeDriver.java:71)
at app//com.selenium.testng.DemoInvocationCount.testLogin(DemoInvocationCount.java:16)
at java.base@16.0.1/jdk.internal.reflect.NativeMethodAccessorImpl.invoke0(Native Method)
at java.base@16.0.1/jdk.internal.reflect.NativeMethodAccessorImpl.invoke(NativeMethodAccessorImpl.java:78)
at java.base@16.0.1/jdk.internal.reflect.DelegatingMethodAccessorImpl.invoke(DelegatingMethodAccessorImpl.java:43)
at java.base@16.0.1/java.lang.reflect.Method.invoke(Method.java:567)
at app//org.testng.internal.invokers.MethodInvocationHelper.invokeMethod(MethodInvocationHelper.java:139)
at app//org.testng.internal.invokers.InvokeMethodRunnable.runOne(InvokeMethodRunnable.java:47)
at app//org.testng.internal.invokers.InvokeMethodRunnable.call(InvokeMethodRunnable.java:76)
at app//org.testng.internal.invokers.InvokeMethodRunnable.call(InvokeMethodRunnable.java:11)
at java.base@16.0.1/java.util.concurrent.FutureTask.run(FutureTask.java:264)
at java.base@16.0.1/java.util.concurrent.ThreadPoolExecutor.runWorker(ThreadPoolExecutor.java:1130)
at java.base@16.0.1/java.util.concurrent.ThreadPoolExecutor$Worker.run(ThreadPoolExecutor.java:630)
at java.base@16.0.1/java.lang.Thread.run(Thread.java:831)
]]>
    </error>
  </testcase> <!-- testLogin -->
  <system-out/>
  <testcase classname="com.selenium.testng.DemoInvocationCount" name="testLogin" time="1.025">
    <error message="Method com.selenium.testng.DemoInvocationCount.testLogin() didn&#039;t finish within the time-out 1000" type="org.testng.internal.thread.ThreadTimeoutException">
      <![CDATA[org.testng.internal.thread.ThreadTimeoutException: Method com.selenium.testng.DemoInvocationCount.testLogin() didn't finish within the time-out 1000
at java.base@16.0.1/java.lang.ProcessImpl.waitForInterruptibly(Native Method)
at java.base@16.0.1/java.lang.ProcessImpl.waitFor(ProcessImpl.java:559)
at app//org.openqa.selenium.manager.SeleniumManager.runCommand(SeleniumManager.java:97)
at app//org.openqa.selenium.manager.SeleniumManager.getDriverPath(SeleniumManager.java:164)
at app//org.openqa.selenium.remote.service.DriverService.findExecutable(DriverService.java:141)
at app//org.openqa.selenium.chrome.ChromeDriverService.access$000(ChromeDriverService.java:42)
at app//org.openqa.selenium.chrome.ChromeDriverService$Builder.findDefaultExecutable(ChromeDriverService.java:315)
at app//org.openqa.selenium.remote.service.DriverService$Builder.build(DriverService.java:456)
at app//org.openqa.selenium.chrome.ChromeDriverService.createServiceWithConfig(ChromeDriverService.java:165)
at app//org.openqa.selenium.chrome.ChromeDriver.<init>(ChromeDriver.java:71)
at app//com.selenium.testng.DemoInvocationCount.testLogin(DemoInvocationCount.java:16)
at java.base@16.0.1/jdk.internal.reflect.NativeMethodAccessorImpl.invoke0(Native Method)
at java.base@16.0.1/jdk.internal.reflect.NativeMethodAccessorImpl.invoke(NativeMethodAccessorImpl.java:78)
at java.base@16.0.1/jdk.internal.reflect.DelegatingMethodAccessorImpl.invoke(DelegatingMethodAccessorImpl.java:43)
at java.base@16.0.1/java.lang.reflect.Method.invoke(Method.java:567)
at app//org.testng.internal.invokers.MethodInvocationHelper.invokeMethod(MethodInvocationHelper.java:139)
at app//org.testng.internal.invokers.InvokeMethodRunnable.runOne(InvokeMethodRunnable.java:47)
at app//org.testng.internal.invokers.InvokeMethodRunnable.call(InvokeMethodRunnable.java:76)
at app//org.testng.internal.invokers.InvokeMethodRunnable.call(InvokeMethodRunnable.java:11)
at java.base@16.0.1/java.util.concurrent.FutureTask.run(FutureTask.java:264)
at java.base@16.0.1/java.util.concurrent.ThreadPoolExecutor.runWorker(ThreadPoolExecutor.java:1130)
at java.base@16.0.1/java.util.concurrent.ThreadPoolExecutor$Worker.run(ThreadPoolExecutor.java:630)
at java.base@16.0.1/java.lang.Thread.run(Thread.java:831)
]]>
    </error>
  </testcase> <!-- testLogin -->
  <system-out/>
  <testcase classname="com.selenium.testng.DemoInvocationCount" name="testLogin" time="1.030">
    <error message="Method com.selenium.testng.DemoInvocationCount.testLogin() didn&#039;t finish within the time-out 1000" type="org.testng.internal.thread.ThreadTimeoutException">
      <![CDATA[org.testng.internal.thread.ThreadTimeoutException: Method com.selenium.testng.DemoInvocationCount.testLogin() didn't finish within the time-out 1000
at java.base@16.0.1/jdk.internal.misc.Unsafe.park(Native Method)
at java.base@16.0.1/java.util.concurrent.locks.LockSupport.parkNanos(LockSupport.java:252)
at java.base@16.0.1/java.util.concurrent.CompletableFuture$Signaller.block(CompletableFuture.java:1862)
at java.base@16.0.1/java.util.concurrent.ForkJoinPool.managedBlock(ForkJoinPool.java:3137)
at java.base@16.0.1/java.util.concurrent.CompletableFuture.timedGet(CompletableFuture.java:1935)
at java.base@16.0.1/java.util.concurrent.CompletableFuture.get(CompletableFuture.java:2091)
at app//org.asynchttpclient.netty.NettyResponseFuture.get(NettyResponseFuture.java:206)
at app//org.openqa.selenium.remote.http.netty.NettyHttpHandler.makeCall(NettyHttpHandler.java:59)
at app//org.openqa.selenium.remote.http.netty.NettyHttpHandler$$Lambda$245/0x00000008002a9440.execute(Unknown Source)
at app//org.openqa.selenium.remote.http.AddSeleniumUserAgent.lambda$apply$0(AddSeleniumUserAgent.java:42)
at app//org.openqa.selenium.remote.http.AddSeleniumUserAgent$$Lambda$406/0x0000000800328820.execute(Unknown Source)
at app//org.openqa.selenium.remote.http.Filter.lambda$andFinally$1(Filter.java:56)
at app//org.openqa.selenium.remote.http.Filter$$Lambda$246/0x00000008002a9670.execute(Unknown Source)
at app//org.openqa.selenium.remote.http.netty.NettyHttpHandler.execute(NettyHttpHandler.java:49)
at app//org.openqa.selenium.remote.http.AddSeleniumUserAgent.lambda$apply$0(AddSeleniumUserAgent.java:42)
at app//org.openqa.selenium.remote.http.AddSeleniumUserAgent$$Lambda$406/0x0000000800328820.execute(Unknown Source)
at app//org.openqa.selenium.remote.http.Filter.lambda$andFinally$1(Filter.java:56)
at app//org.openqa.selenium.remote.http.Filter$$Lambda$246/0x00000008002a9670.execute(Unknown Source)
at app//org.openqa.selenium.remote.http.netty.NettyClient.execute(NettyClient.java:99)
at app//org.openqa.selenium.remote.ProtocolHandshake.createSession(ProtocolHandshake.java:124)
at app//org.openqa.selenium.remote.ProtocolHandshake.createSession(ProtocolHandshake.java:106)
at app//org.openqa.selenium.remote.ProtocolHandshake.createSession(ProtocolHandshake.java:67)
at app//org.openqa.selenium.remote.HttpCommandExecutor.execute(HttpCommandExecutor.java:156)
at app//org.openqa.selenium.remote.service.DriverCommandExecutor.invokeExecute(DriverCommandExecutor.java:167)
at app//org.openqa.selenium.remote.service.DriverCommandExecutor.execute(DriverCommandExecutor.java:142)
at app//org.openqa.selenium.remote.RemoteWebDriver.execute(RemoteWebDriver.java:543)
at app//org.openqa.selenium.remote.RemoteWebDriver.startSession(RemoteWebDriver.java:229)
at app//org.openqa.selenium.remote.RemoteWebDriver.<init>(RemoteWebDriver.java:157)
at app//org.openqa.selenium.chromium.ChromiumDriver.<init>(ChromiumDriver.java:101)
at app//org.openqa.selenium.chrome.ChromeDriver.<init>(ChromeDriver.java:82)
at app//org.openqa.selenium.chrome.ChromeDriver.<init>(ChromeDriver.java:71)
at app//com.selenium.testng.DemoInvocationCount.testLogin(DemoInvocationCount.java:16)
at java.base@16.0.1/jdk.internal.reflect.NativeMethodAccessorImpl.invoke0(Native Method)
at java.base@16.0.1/jdk.internal.reflect.NativeMethodAccessorImpl.invoke(NativeMethodAccessorImpl.java:78)
at java.base@16.0.1/jdk.internal.reflect.DelegatingMethodAccessorImpl.invoke(DelegatingMethodAccessorImpl.java:43)
at java.base@16.0.1/java.lang.reflect.Method.invoke(Method.java:567)
at app//org.testng.internal.invokers.MethodInvocationHelper.invokeMethod(MethodInvocationHelper.java:139)
at app//org.testng.internal.invokers.InvokeMethodRunnable.runOne(InvokeMethodRunnable.java:47)
at app//org.testng.internal.invokers.InvokeMethodRunnable.call(InvokeMethodRunnable.java:76)
at app//org.testng.internal.invokers.InvokeMethodRunnable.call(InvokeMethodRunnable.java:11)
at java.base@16.0.1/java.util.concurrent.FutureTask.run(FutureTask.java:264)
at java.base@16.0.1/java.util.concurrent.ThreadPoolExecutor.runWorker(ThreadPoolExecutor.java:1130)
at java.base@16.0.1/java.util.concurrent.ThreadPoolExecutor$Worker.run(ThreadPoolExecutor.java:630)
at java.base@16.0.1/java.lang.Thread.run(Thread.java:831)
]]>
    </error>
  </testcase> <!-- testLogin -->
  <system-out/>
  <testcase classname="com.selenium.testng.DemoInvocationCount" name="testLogin" time="1.013">
    <error message="Method com.selenium.testng.DemoInvocationCount.testLogin() didn&#039;t finish within the time-out 1000" type="org.testng.internal.thread.ThreadTimeoutException">
      <![CDATA[org.testng.internal.thread.ThreadTimeoutException: Method com.selenium.testng.DemoInvocationCount.testLogin() didn't finish within the time-out 1000
at java.base@16.0.1/jdk.internal.misc.Unsafe.park(Native Method)
at java.base@16.0.1/java.util.concurrent.locks.LockSupport.parkNanos(LockSupport.java:252)
at java.base@16.0.1/java.util.concurrent.CompletableFuture$Signaller.block(CompletableFuture.java:1862)
at java.base@16.0.1/java.util.concurrent.ForkJoinPool.managedBlock(ForkJoinPool.java:3137)
at java.base@16.0.1/java.util.concurrent.CompletableFuture.timedGet(CompletableFuture.java:1935)
at java.base@16.0.1/java.util.concurrent.CompletableFuture.get(CompletableFuture.java:2091)
at app//org.asynchttpclient.netty.NettyResponseFuture.get(NettyResponseFuture.java:206)
at app//org.openqa.selenium.remote.http.netty.NettyHttpHandler.makeCall(NettyHttpHandler.java:59)
at app//org.openqa.selenium.remote.http.netty.NettyHttpHandler$$Lambda$245/0x00000008002a9440.execute(Unknown Source)
at app//org.openqa.selenium.remote.http.AddSeleniumUserAgent.lambda$apply$0(AddSeleniumUserAgent.java:42)
at app//org.openqa.selenium.remote.http.AddSeleniumUserAgent$$Lambda$406/0x0000000800328820.execute(Unknown Source)
at app//org.openqa.selenium.remote.http.Filter.lambda$andFinally$1(Filter.java:56)
at app//org.openqa.selenium.remote.http.Filter$$Lambda$246/0x00000008002a9670.execute(Unknown Source)
at app//org.openqa.selenium.remote.http.netty.NettyHttpHandler.execute(NettyHttpHandler.java:49)
at app//org.openqa.selenium.remote.http.AddSeleniumUserAgent.lambda$apply$0(AddSeleniumUserAgent.java:42)
at app//org.openqa.selenium.remote.http.AddSeleniumUserAgent$$Lambda$406/0x0000000800328820.execute(Unknown Source)
at app//org.openqa.selenium.remote.http.Filter.lambda$andFinally$1(Filter.java:56)
at app//org.openqa.selenium.remote.http.Filter$$Lambda$246/0x00000008002a9670.execute(Unknown Source)
at app//org.openqa.selenium.remote.http.netty.NettyClient.execute(NettyClient.java:99)
at app//org.openqa.selenium.remote.ProtocolHandshake.createSession(ProtocolHandshake.java:124)
at app//org.openqa.selenium.remote.ProtocolHandshake.createSession(ProtocolHandshake.java:106)
at app//org.openqa.selenium.remote.ProtocolHandshake.createSession(ProtocolHandshake.java:67)
at app//org.openqa.selenium.remote.HttpCommandExecutor.execute(HttpCommandExecutor.java:156)
at app//org.openqa.selenium.remote.service.DriverCommandExecutor.invokeExecute(DriverCommandExecutor.java:167)
at app//org.openqa.selenium.remote.service.DriverCommandExecutor.execute(DriverCommandExecutor.java:142)
at app//org.openqa.selenium.remote.RemoteWebDriver.execute(RemoteWebDriver.java:543)
at app//org.openqa.selenium.remote.RemoteWebDriver.startSession(RemoteWebDriver.java:229)
at app//org.openqa.selenium.remote.RemoteWebDriver.<init>(RemoteWebDriver.java:157)
at app//org.openqa.selenium.chromium.ChromiumDriver.<init>(ChromiumDriver.java:101)
at app//org.openqa.selenium.chrome.ChromeDriver.<init>(ChromeDriver.java:82)
at app//org.openqa.selenium.chrome.ChromeDriver.<init>(ChromeDriver.java:71)
at app//com.selenium.testng.DemoInvocationCount.testLogin(DemoInvocationCount.java:16)
at java.base@16.0.1/jdk.internal.reflect.NativeMethodAccessorImpl.invoke0(Native Method)
at java.base@16.0.1/jdk.internal.reflect.NativeMethodAccessorImpl.invoke(NativeMethodAccessorImpl.java:78)
at java.base@16.0.1/jdk.internal.reflect.DelegatingMethodAccessorImpl.invoke(DelegatingMethodAccessorImpl.java:43)
at java.base@16.0.1/java.lang.reflect.Method.invoke(Method.java:567)
at app//org.testng.internal.invokers.MethodInvocationHelper.invokeMethod(MethodInvocationHelper.java:139)
at app//org.testng.internal.invokers.InvokeMethodRunnable.runOne(InvokeMethodRunnable.java:47)
at app//org.testng.internal.invokers.InvokeMethodRunnable.call(InvokeMethodRunnable.java:76)
at app//org.testng.internal.invokers.InvokeMethodRunnable.call(InvokeMethodRunnable.java:11)
at java.base@16.0.1/java.util.concurrent.FutureTask.run(FutureTask.java:264)
at java.base@16.0.1/java.util.concurrent.ThreadPoolExecutor.runWorker(ThreadPoolExecutor.java:1130)
at java.base@16.0.1/java.util.concurrent.ThreadPoolExecutor$Worker.run(ThreadPoolExecutor.java:630)
at java.base@16.0.1/java.lang.Thread.run(Thread.java:831)
]]>
    </error>
  </testcase> <!-- testLogin -->
  <system-out/>
</testsuite> <!-- com.selenium.testng.DemoInvocationCount -->
